<?xml version="1.0" encoding="UTF-8"?>
<!-- Generated by org.testng.reporters.JUnitReportReporter -->
<testsuite hostname="0812" name="com.ilad.Tests" tests="3" failures="0" timestamp="21 Dec 2015 14:54:59 GMT" time="0.011" errors="0">
  <testcase name="mul" time="0.000" classname="com.ilad.Tests"/>
  <testcase name="subst" time="0.001" classname="com.ilad.Tests"/>
  <testcase name="div" time="0.010" classname="com.ilad.Tests"/>
</testsuite> <!-- com.ilad.Tests -->
